{"D:\\NETO\\Netology\\ajs-homework-decisions\\regex\\src\\js\\app.js": {"path":"D:\\NETO\\Netology\\ajs-homework-decisions\\regex\\src\\js\\app.js","statementMap":{"0":{"start":{"line":3,"column":4},"end":{"line":3,"column":29}},"1":{"start":{"line":7,"column":4},"end":{"line":7,"column":114}}},"fnMap":{"0":{"name":"(anonymous_0)","decl":{"start":{"line":2,"column":2},"end":{"line":2,"column":3}},"loc":{"start":{"line":2,"column":24},"end":{"line":4,"column":3}},"line":2},"1":{"name":"(anonymous_1)","decl":{"start":{"line":6,"column":2},"end":{"line":6,"column":3}},"loc":{"start":{"line":6,"column":21},"end":{"line":8,"column":3}},"line":6}},"branchMap":{"0":{"loc":{"start":{"line":7,"column":11},"end":{"line":7,"column":113}},"type":"binary-expr","locations":[{"start":{"line":7,"column":11},"end":{"line":7,"column":24}},{"start":{"line":7,"column":28},"end":{"line":7,"column":80}},{"start":{"line":7,"column":84},"end":{"line":7,"column":113}}],"line":7}},"s":{"0":7,"1":7},"f":{"0":7,"1":7},"b":{"0":[7,7,2]},"_coverageSchema":"1a1c01bbd47fc00a2c39e90264f33305004495a9","hash":"c16d85771c9b455659679d6d276a0ccdc298fddd"}
}
